# JRE version: OpenJDK Runtime Environment (11.0.12+7) (build 11.0.12+7-b1504.28-7817840)
# Java VM: OpenJDK 64-Bit Server VM (11.0.12+7-b1504.28-7817840, mixed mode, tiered, compressed oops, g1 gc, windows-amd64)
Heap:
 garbage-first heap   total 262144K, used 91136K [0x00000000a0000000, 0x0000000100000000)
  region size 1024K, 10 young (10240K), 8 survivors (8192K)
 Metaspace       used 86181K, capacity 88708K, committed 88828K, reserved 1126400K
  class space    used 11390K, capacity 12311K, committed 12416K, reserved 1048576K
GC Heap History (20 events):
Event: 18.899 GC heap before
{Heap before GC invocations=4 (full 0):
 garbage-first heap   total 262144K, used 39700K [0x00000000a0000000, 0x0000000100000000)
  region size 1024K, 30 young (30720K), 6 survivors (6144K)
 Metaspace       used 20658K, capacity 21100K, committed 21296K, reserved 1069056K
  class space    used 2516K, capacity 2660K, committed 2688K, reserved 1048576K
}
Event: 18.908 GC heap after
{Heap after GC invocations=5 (full 0):
 garbage-first heap   total 262144K, used 17081K [0x00000000a0000000, 0x0000000100000000)
  region size 1024K, 7 young (7168K), 7 survivors (7168K)
 Metaspace       used 20658K, capacity 21100K, committed 21296K, reserved 1069056K
  class space    used 2516K, capacity 2660K, committed 2688K, reserved 1048576K
}
Event: 21.299 GC heap before
{Heap before GC invocations=6 (full 0):
 garbage-first heap   total 262144K, used 74425K [0x00000000a0000000, 0x0000000100000000)
  region size 1024K, 63 young (64512K), 7 survivors (7168K)
 Metaspace       used 26718K, capacity 27252K, committed 27440K, reserved 1073152K
  class space    used 3472K, capacity 3674K, committed 3712K, reserved 1048576K
}
Event: 21.311 GC heap after
{Heap after GC invocations=7 (full 0):
 garbage-first heap   total 262144K, used 19549K [0x00000000a0000000, 0x0000000100000000)
  region size 1024K, 4 young (4096K), 4 survivors (4096K)
 Metaspace       used 26718K, capacity 27252K, committed 27440K, reserved 1073152K
  class space    used 3472K, capacity 3674K, committed 3712K, reserved 1048576K
}
Event: 25.682 GC heap before
{Heap before GC invocations=7 (full 0):
 garbage-first heap   total 262144K, used 73821K [0x00000000a0000000, 0x0000000100000000)
  region size 1024K, 58 young (59392K), 4 survivors (4096K)
 Metaspace       used 34869K, capacity 35585K, committed 35708K, reserved 1081344K
  class space    used 4502K, capacity 4814K, committed 4864K, reserved 1048576K
}
Event: 25.692 GC heap after
{Heap after GC invocations=8 (full 0):
 garbage-first heap   total 262144K, used 22401K [0x00000000a0000000, 0x0000000100000000)
  region size 1024K, 6 young (6144K), 6 survivors (6144K)
 Metaspace       used 34869K, capacity 35585K, committed 35708K, reserved 1081344K
  class space    used 4502K, capacity 4814K, committed 4864K, reserved 1048576K
}
Event: 31.432 GC heap before
{Heap before GC invocations=9 (full 0):
 garbage-first heap   total 262144K, used 117633K [0x00000000a0000000, 0x0000000100000000)
  region size 1024K, 97 young (99328K), 6 survivors (6144K)
 Metaspace       used 42771K, capacity 43708K, committed 43900K, reserved 1087488K
  class space    used 5509K, capacity 5852K, committed 5888K, reserved 1048576K
}
Event: 31.452 GC heap after
{Heap after GC invocations=10 (full 0):
 garbage-first heap   total 262144K, used 29016K [0x00000000a0000000, 0x0000000100000000)
  region size 1024K, 13 young (13312K), 13 survivors (13312K)
 Metaspace       used 42771K, capacity 43708K, committed 43900K, reserved 1087488K
  class space    used 5509K, capacity 5852K, committed 5888K, reserved 1048576K
}
Event: 46.610 GC heap before
{Heap before GC invocations=10 (full 0):
 garbage-first heap   total 262144K, used 154968K [0x00000000a0000000, 0x0000000100000000)
  region size 1024K, 127 young (130048K), 13 survivors (13312K)
 Metaspace       used 49160K, capacity 50458K, committed 50684K, reserved 1093632K
  class space    used 6252K, capacity 6726K, committed 6784K, reserved 1048576K
}
Event: 46.640 GC heap after
{Heap after GC invocations=11 (full 0):
 garbage-first heap   total 262144K, used 49307K [0x00000000a0000000, 0x0000000100000000)
  region size 1024K, 16 young (16384K), 16 survivors (16384K)
 Metaspace       used 49160K, capacity 50458K, committed 50684K, reserved 1093632K
  class space    used 6252K, capacity 6726K, committed 6784K, reserved 1048576K
}
Event: 49.554 GC heap before
{Heap before GC invocations=11 (full 0):
 garbage-first heap   total 262144K, used 119963K [0x00000000a0000000, 0x0000000100000000)
  region size 1024K, 86 young (88064K), 16 survivors (16384K)
 Metaspace       used 58273K, capacity 59772K, committed 59900K, reserved 1101824K
  class space    used 7410K, capacity 7974K, committed 8064K, reserved 1048576K
}
Event: 49.584 GC heap after
{Heap after GC invocations=12 (full 0):
 garbage-first heap   total 262144K, used 53523K [0x00000000a0000000, 0x0000000100000000)
  region size 1024K, 4 young (4096K), 4 survivors (4096K)
 Metaspace       used 58273K, capacity 59772K, committed 59900K, reserved 1101824K
  class space    used 7410K, capacity 7974K, committed 8064K, reserved 1048576K
}
Event: 54.013 GC heap before
{Heap before GC invocations=13 (full 0):
 garbage-first heap   total 262144K, used 163091K [0x00000000a0000000, 0x0000000100000000)
  region size 1024K, 111 young (113664K), 4 survivors (4096K)
 Metaspace       used 67022K, capacity 68759K, committed 68988K, reserved 1110016K
  class space    used 8504K, capacity 9102K, committed 9216K, reserved 1048576K
}
Event: 54.030 GC heap after
{Heap after GC invocations=14 (full 0):
 garbage-first heap   total 262144K, used 59669K [0x00000000a0000000, 0x0000000100000000)
  region size 1024K, 10 young (10240K), 10 survivors (10240K)
 Metaspace       used 67022K, capacity 68759K, committed 68988K, reserved 1110016K
  class space    used 8504K, capacity 9102K, committed 9216K, reserved 1048576K
}
Event: 60.461 GC heap before
{Heap before GC invocations=14 (full 0):
 garbage-first heap   total 262144K, used 176405K [0x00000000a0000000, 0x0000000100000000)
  region size 1024K, 121 young (123904K), 10 survivors (10240K)
 Metaspace       used 69083K, capacity 71061K, committed 71292K, reserved 1112064K
  class space    used 8769K, capacity 9456K, committed 9472K, reserved 1048576K
}
Event: 60.485 GC heap after
{Heap after GC invocations=15 (full 0):
 garbage-first heap   total 262144K, used 72516K [0x00000000a0000000, 0x0000000100000000)
  region size 1024K, 16 young (16384K), 16 survivors (16384K)
 Metaspace       used 69083K, capacity 71061K, committed 71292K, reserved 1112064K
  class space    used 8769K, capacity 9456K, committed 9472K, reserved 1048576K
}
Event: 64.697 GC heap before
{Heap before GC invocations=15 (full 0):
 garbage-first heap   total 262144K, used 184132K [0x00000000a0000000, 0x0000000100000000)
  region size 1024K, 125 young (128000K), 16 survivors (16384K)
 Metaspace       used 76629K, capacity 78844K, committed 79100K, reserved 1118208K
  class space    used 10003K, capacity 10820K, committed 10880K, reserved 1048576K
}
Event: 64.740 GC heap after
{Heap after GC invocations=16 (full 0):
 garbage-first heap   total 262144K, used 81238K [0x00000000a0000000, 0x0000000100000000)
  region size 1024K, 9 young (9216K), 9 survivors (9216K)
 Metaspace       used 76629K, capacity 78844K, committed 79100K, reserved 1118208K
  class space    used 10003K, capacity 10820K, committed 10880K, reserved 1048576K
}
Event: 70.560 GC heap before
{Heap before GC invocations=16 (full 0):
 garbage-first heap   total 262144K, used 190806K [0x00000000a0000000, 0x0000000100000000)
  region size 1024K, 116 young (118784K), 9 survivors (9216K)
 Metaspace       used 86140K, capacity 88556K, committed 88828K, reserved 1126400K
  class space    used 11387K, capacity 12306K, committed 12416K, reserved 1048576K
}
Event: 70.586 GC heap after
{Heap after GC invocations=17 (full 0):
 garbage-first heap   total 262144K, used 90112K [0x00000000a0000000, 0x0000000100000000)
  region size 1024K, 8 young (8192K), 8 survivors (8192K)
 Metaspace       used 86140K, capacity 88556K, committed 88828K, reserved 1126400K
  class space    used 11387K, capacity 12306K, committed 12416K, reserved 1048576K
}

